[debug] [2022-06-12T00:27:22.817Z] ----------------------------------------------------------------------
[debug] [2022-06-12T00:27:22.821Z] Command:       C:\Program Files\nodejs\node.exe C:\Program Files\nodejs\node_modules\firebase-tools\lib\bin\firebase.js deploy
[debug] [2022-06-12T00:27:22.822Z] CLI Version:   11.0.1
[debug] [2022-06-12T00:27:22.822Z] Platform:      win32
[debug] [2022-06-12T00:27:22.822Z] Node Version:  v17.0.0
[debug] [2022-06-12T00:27:22.823Z] Time:          Sat Jun 11 2022 20:27:22 GMT-0400 (Eastern Daylight Time)
[debug] [2022-06-12T00:27:22.823Z] ----------------------------------------------------------------------
[debug] 
[debug] [2022-06-12T00:27:22.952Z] > command requires scopes: ["email","openid","https://www.googleapis.com/auth/cloudplatformprojects.readonly","https://www.googleapis.com/auth/firebase","https://www.googleapis.com/auth/cloud-platform"]
[debug] [2022-06-12T00:27:22.952Z] > authorizing via signed-in user (harmonychinesefood@gmail.com)
[debug] [2022-06-12T00:27:22.952Z] [iam] checking project ivory-development for permissions ["firebase.projects.get","firebasehosting.sites.update"]
[debug] [2022-06-12T00:27:22.954Z] > refreshing access token with scopes: []
[debug] [2022-06-12T00:27:22.954Z] >>> HTTP REQUEST POST https://www.googleapis.com/oauth2/v3/token  
 <request body omitted>
[debug] [2022-06-12T00:27:23.245Z] <<< HTTP RESPONSE 200 {"cache-control":"no-cache, no-store, max-age=0, must-revalidate","expires":"Mon, 01 Jan 1990 00:00:00 GMT","pragma":"no-cache","date":"Sun, 12 Jun 2022 00:27:22 GMT","content-type":"application/json; charset=utf-8","vary":"X-Origin, Referer, Origin,Accept-Encoding","server":"scaffolding on HTTPServer2","x-xss-protection":"0","x-frame-options":"SAMEORIGIN","x-content-type-options":"nosniff","alt-svc":"h3=\":443\"; ma=2592000,h3-29=\":443\"; ma=2592000,h3-Q050=\":443\"; ma=2592000,h3-Q046=\":443\"; ma=2592000,h3-Q043=\":443\"; ma=2592000,quic=\":443\"; ma=2592000; v=\"46,43\"","accept-ranges":"none","transfer-encoding":"chunked"}
[debug] [2022-06-12T00:27:23.291Z] >>> [apiv2][query] POST https://cloudresourcemanager.googleapis.com/v1/projects/ivory-development:testIamPermissions [none]
[debug] [2022-06-12T00:27:23.291Z] >>> [apiv2][body] POST https://cloudresourcemanager.googleapis.com/v1/projects/ivory-development:testIamPermissions {"permissions":["firebase.projects.get","firebasehosting.sites.update"]}
[debug] [2022-06-12T00:27:23.814Z] <<< [apiv2][status] POST https://cloudresourcemanager.googleapis.com/v1/projects/ivory-development:testIamPermissions 200
[debug] [2022-06-12T00:27:23.815Z] <<< [apiv2][body] POST https://cloudresourcemanager.googleapis.com/v1/projects/ivory-development:testIamPermissions {}
[debug] [2022-06-12T00:27:23.816Z] [iam] error while checking permissions, command may fail: FirebaseError: Authorization failed. This account is missing the following required permissions on project ivory-development:

  firebase.projects.get
  firebasehosting.sites.update
[debug] [2022-06-12T00:27:23.819Z] >>> [apiv2][query] GET https://firebase.googleapis.com/v1beta1/projects/ivory-development [none]
[debug] [2022-06-12T00:27:24.244Z] <<< [apiv2][status] GET https://firebase.googleapis.com/v1beta1/projects/ivory-development 403
[debug] [2022-06-12T00:27:24.244Z] <<< [apiv2][body] GET https://firebase.googleapis.com/v1beta1/projects/ivory-development {"error":{"code":403,"message":"The caller does not have permission","status":"PERMISSION_DENIED"}}
[debug] [2022-06-12T00:27:24.245Z] HTTP Error: 403, The caller does not have permission
[debug] [2022-06-12T00:27:24.450Z] FirebaseError: HTTP Error: 403, The caller does not have permission
    at module.exports (C:\Users\yukev\AppData\Roaming\nvm\v17.0.0\node_modules\firebase-tools\lib\responseToError.js:47:12)
    at RetryOperation._fn (C:\Users\yukev\AppData\Roaming\nvm\v17.0.0\node_modules\firebase-tools\lib\apiv2.js:286:39)
    at processTicksAndRejections (node:internal/process/task_queues:96:5)
[error] 
[error] Error: Failed to get Firebase project ivory-development. Please make sure the project exists and your account has permission to access it.
